<?xml version="1.0" encoding="UTF-8"?>
<!-- Generated by org.testng.reporters.JUnitXMLReporter -->
<testsuite hostname="192.168.1.6" ignored="0" name="Test" tests="4" failures="1" timestamp="2022-07-28T17:26:42 IST" time="38.776" errors="0">
  <testcase name="runScenario" time="11.336" classname="io.cucumber.testng.AbstractTestNGCucumberTests"/>
  <testcase name="runScenario" time="6.854" classname="io.cucumber.testng.AbstractTestNGCucumberTests">
    <failure type="java.lang.AssertionError" message="expected [true] but found [false]">
      <![CDATA[java.lang.AssertionError: expected [true] but found [false]
at steps.CarWaleSteps.user_validates_car_title(CarWaleSteps.java:64)
at âœ½.user validates carTitle as "Kia Carss"(file:///Users/rahularora/seleniumworkspace/BatchDiagnal/CucumberPageObjectsSelenium/src/test/resources/features/findnewcar.feature:12)
... Removed 4 stack frames]]>
    </failure>
  </testcase> <!-- runScenario -->
  <testcase name="runScenario" time="9.579" classname="io.cucumber.testng.AbstractTestNGCucumberTests"/>
  <testcase name="runScenario" time="9.802" classname="io.cucumber.testng.AbstractTestNGCucumberTests"/>
</testsuite> <!-- Test -->
