<?xml version="1.0" encoding="UTF-8"?>
<testng-results skipped="0" failed="1" ignored="0" total="4" passed="3">
  <reporter-output>
  </reporter-output>
  <suite name="Default suite" duration-ms="37411" started-at="2023-04-22T12:31:23 IST" finished-at="2023-04-22T12:32:01 IST">
    <groups>
      <group name="cucumber">
        <method signature="AbstractTestNGCucumberTests.runScenario(io.cucumber.testng.PickleWrapper,io.cucumber.testng.FeatureWrapper)[pri:0, instance:runner.RunCuke@27fe3806]" name="runScenario" class="io.cucumber.testng.AbstractTestNGCucumberTests"/>
      </group> <!-- cucumber -->
    </groups>
    <test name="Default test" duration-ms="37411" started-at="2023-04-22T12:31:23 IST" finished-at="2023-04-22T12:32:01 IST">
      <class name="runner.RunCuke">
        <test-method status="PASS" signature="setUpClass(org.testng.ITestContext)[pri:0, instance:runner.RunCuke@27fe3806]" name="setUpClass" is-config="true" duration-ms="848" started-at="2023-04-22T12:31:23 IST" finished-at="2023-04-22T12:31:24 IST">
          <params>
            <param index="0">
              <value>
                <![CDATA[org.testng.TestRunner@7668892a]]>
              </value>
            </param>
          </params>
          <reporter-output>
          </reporter-output>
        </test-method> <!-- setUpClass -->
        <test-method status="PASS" signature="runScenario(io.cucumber.testng.PickleWrapper,io.cucumber.testng.FeatureWrapper)[pri:0, instance:runner.RunCuke@27fe3806]" name="runScenario" duration-ms="14261" started-at="2023-04-22T12:31:24 IST" description="Runs Cucumber Scenarios" data-provider="scenarios" finished-at="2023-04-22T12:31:38 IST">
          <params>
            <param index="0">
              <value>
                <![CDATA["Finding new cars"]]>
              </value>
            </param>
            <param index="1">
              <value>
                <![CDATA["Searching New Cars"]]>
              </value>
            </param>
          </params>
          <reporter-output>
          </reporter-output>
        </test-method> <!-- runScenario -->
        <test-method status="FAIL" signature="runScenario(io.cucumber.testng.PickleWrapper,io.cucumber.testng.FeatureWrapper)[pri:0, instance:runner.RunCuke@27fe3806]" name="runScenario" duration-ms="6434" started-at="2023-04-22T12:31:38 IST" description="Runs Cucumber Scenarios" data-provider="scenarios" finished-at="2023-04-22T12:31:45 IST">
          <params>
            <param index="0">
              <value>
                <![CDATA["Finding new cars"]]>
              </value>
            </param>
            <param index="1">
              <value>
                <![CDATA["Searching New Cars"]]>
              </value>
            </param>
          </params>
          <exception class="java.lang.AssertionError">
            <message>
              <![CDATA[expected [true] but found [false]]]>
            </message>
            <full-stacktrace>
              <![CDATA[java.lang.AssertionError: expected [true] but found [false]
at org.testng.Assert.fail(Assert.java:110)
at org.testng.Assert.failNotEquals(Assert.java:1413)
at org.testng.Assert.assertTrue(Assert.java:56)
at org.testng.Assert.assertTrue(Assert.java:66)
at steps.CarWaleSteps.user_validates_car_title(CarWaleSteps.java:64)
at âœ½.user validates carTitle as "Kia Carss"(file:///Users/rahularora/seleniumworkspace/BatchDiagnal/CucumberPageObjectsSelenium/src/test/resources/features/findnewcar.feature:12)
]]>
            </full-stacktrace>
          </exception> <!-- java.lang.AssertionError -->
          <reporter-output>
          </reporter-output>
        </test-method> <!-- runScenario -->
        <test-method status="PASS" signature="runScenario(io.cucumber.testng.PickleWrapper,io.cucumber.testng.FeatureWrapper)[pri:0, instance:runner.RunCuke@27fe3806]" name="runScenario" duration-ms="7615" started-at="2023-04-22T12:31:45 IST" description="Runs Cucumber Scenarios" data-provider="scenarios" finished-at="2023-04-22T12:31:52 IST">
          <params>
            <param index="0">
              <value>
                <![CDATA["Finding new cars"]]>
              </value>
            </param>
            <param index="1">
              <value>
                <![CDATA["Searching New Cars"]]>
              </value>
            </param>
          </params>
          <reporter-output>
          </reporter-output>
        </test-method> <!-- runScenario -->
        <test-method status="PASS" signature="runScenario(io.cucumber.testng.PickleWrapper,io.cucumber.testng.FeatureWrapper)[pri:0, instance:runner.RunCuke@27fe3806]" name="runScenario" duration-ms="7909" started-at="2023-04-22T12:31:52 IST" description="Runs Cucumber Scenarios" data-provider="scenarios" finished-at="2023-04-22T12:32:00 IST">
          <params>
            <param index="0">
              <value>
                <![CDATA["Finding new cars"]]>
              </value>
            </param>
            <param index="1">
              <value>
                <![CDATA["Searching New Cars"]]>
              </value>
            </param>
          </params>
          <reporter-output>
          </reporter-output>
        </test-method> <!-- runScenario -->
        <test-method status="PASS" signature="tearDownClass()[pri:0, instance:runner.RunCuke@27fe3806]" name="tearDownClass" is-config="true" duration-ms="307" started-at="2023-04-22T12:32:00 IST" finished-at="2023-04-22T12:32:01 IST">
          <reporter-output>
          </reporter-output>
        </test-method> <!-- tearDownClass -->
      </class> <!-- runner.RunCuke -->
    </test> <!-- Default test -->
  </suite> <!-- Default suite -->
</testng-results>
